[v3-judge] start  Tue Apr 28 10:07:57 PM EDT 2026
[v3-judge] SKIP medical_tutor_strong — already judged (5394 rows)
[v3-judge] SKIP sports_tutor_strong — already judged (7172 rows)
[v3-judge] SKIP finance_tutor_strong — already judged (6690 rows)
[v3-judge] SKIP medical_summarization_strong — already judged (16084 rows)
[v3-judge] SKIP sports_summarization_strong — already judged (17588 rows)
[v3-judge] === finance_summarization_strong  16094 rows  Tue Apr 28 10:07:58 PM EDT 2026 ===
[judge] data/generated/final_v3/raw/finance_summarization_strong.jsonl  rows=16094  domain=finance/summarization
  200/16094  (21.2/s)  [Cost] 438 calls | 367,138 in + 876 out tokens | $0.0556
  400/16094  (30.4/s)  [Cost] 829 calls | 701,771 in + 1,658 out tokens | $0.1063
  600/16094  (35.4/s)  [Cost] 1226 calls | 1,052,127 in + 2,452 out tokens | $0.1593
  800/16094  (38.8/s)  [Cost] 1625 calls | 1,392,412 in + 3,249 out tokens | $0.2108
  1000/16094  (41.0/s)  [Cost] 2026 calls | 1,738,523 in + 4,051 out tokens | $0.2632
  1200/16094  (42.6/s)  [Cost] 2425 calls | 2,087,856 in + 4,846 out tokens | $0.3161
  1400/16094  (43.8/s)  [Cost] 2820 calls | 2,430,337 in + 5,636 out tokens | $0.3679
  1600/16094  (44.8/s)  [Cost] 3221 calls | 2,777,884 in + 6,438 out tokens | $0.4205
  1800/16094  (45.6/s)  [Cost] 3623 calls | 3,129,326 in + 7,242 out tokens | $0.4737
  2000/16094  (46.3/s)  [Cost] 4026 calls | 3,478,214 in + 8,048 out tokens | $0.5266
  2200/16094  (46.8/s)  [Cost] 4428 calls | 3,825,957 in + 8,849 out tokens | $0.5792
  2400/16094  (47.3/s)  [Cost] 4827 calls | 4,169,710 in + 9,644 out tokens | $0.6312
  2600/16094  (47.8/s)  [Cost] 5222 calls | 4,512,110 in + 10,434 out tokens | $0.6831
  2800/16094  (48.1/s)  [Cost] 5620 calls | 4,853,377 in + 11,230 out tokens | $0.7347
  3000/16094  (48.4/s)  [Cost] 6026 calls | 5,207,635 in + 12,041 out tokens | $0.7884
  3200/16094  (48.5/s)  [Cost] 6424 calls | 5,552,885 in + 12,836 out tokens | $0.8406
  3400/16094  (48.7/s)  [Cost] 6822 calls | 5,899,174 in + 13,632 out tokens | $0.8931
  3600/16094  (48.9/s)  [Cost] 7223 calls | 6,242,391 in + 14,433 out tokens | $0.9450
  3800/16094  (49.0/s)  [Cost] 7629 calls | 6,599,694 in + 15,244 out tokens | $0.9991
  4000/16094  (49.1/s)  [Cost] 8021 calls | 6,936,881 in + 16,027 out tokens | $1.0501
  4200/16094  (49.2/s)  [Cost] 8428 calls | 7,289,410 in + 16,840 out tokens | $1.1035
  4400/16094  (49.2/s)  [Cost] 8825 calls | 7,631,328 in + 17,634 out tokens | $1.1553
  4600/16094  (49.2/s)  [Cost] 9221 calls | 7,971,664 in + 18,425 out tokens | $1.2068
  4800/16094  (49.3/s)  [Cost] 9620 calls | 8,316,534 in + 19,223 out tokens | $1.2590
  5000/16094  (49.4/s)  [Cost] 10029 calls | 8,669,054 in + 20,040 out tokens | $1.3124
  5200/16094  (49.3/s)  [Cost] 10426 calls | 9,014,295 in + 20,834 out tokens | $1.3646
  5400/16094  (49.4/s)  [Cost] 10825 calls | 9,358,061 in + 21,632 out tokens | $1.4167
  5600/16094  (49.5/s)  [Cost] 11221 calls | 9,707,246 in + 22,423 out tokens | $1.4695
  5800/16094  (49.6/s)  [Cost] 11624 calls | 10,057,518 in + 23,228 out tokens | $1.5226
  6000/16094  (49.7/s)  [Cost] 12023 calls | 10,405,318 in + 24,025 out tokens | $1.5752
  6200/16094  (49.7/s)  [Cost] 12422 calls | 10,754,076 in + 24,823 out tokens | $1.6280
  6400/16094  (49.8/s)  [Cost] 12827 calls | 11,102,800 in + 25,633 out tokens | $1.6808
  6600/16094  (49.9/s)  [Cost] 13226 calls | 11,447,918 in + 26,431 out tokens | $1.7330
  6800/16094  (50.0/s)  [Cost] 13622 calls | 11,794,501 in + 27,222 out tokens | $1.7855
  7000/16094  (50.1/s)  [Cost] 14023 calls | 12,143,283 in + 28,024 out tokens | $1.8383
  7200/16094  (50.2/s)  [Cost] 14422 calls | 12,491,887 in + 28,820 out tokens | $1.8911
  7400/16094  (50.3/s)  [Cost] 14823 calls | 12,840,450 in + 29,620 out tokens | $1.9438
  7600/16094  (50.3/s)  [Cost] 15225 calls | 13,192,912 in + 30,424 out tokens | $1.9972
  7800/16094  (50.4/s)  [Cost] 15624 calls | 13,542,658 in + 31,221 out tokens | $2.0501
  8000/16094  (50.4/s)  [Cost] 16019 calls | 13,881,494 in + 32,010 out tokens | $2.1014
  8200/16094  (50.4/s)  [Cost] 16429 calls | 14,235,138 in + 32,830 out tokens | $2.1550
  8400/16094  (50.4/s)  [Cost] 16822 calls | 14,575,256 in + 33,615 out tokens | $2.2065
  8600/16094  (50.4/s)  [Cost] 17231 calls | 14,929,422 in + 34,432 out tokens | $2.2601
  8800/16094  (50.4/s)  [Cost] 17626 calls | 15,275,072 in + 35,221 out tokens | $2.3124
  9000/16094  (50.5/s)  [Cost] 18024 calls | 15,623,109 in + 36,015 out tokens | $2.3651
  9200/16094  (50.4/s)  [Cost] 18425 calls | 15,969,305 in + 36,816 out tokens | $2.4175
  9400/16094  (50.4/s)  [Cost] 18819 calls | 16,315,295 in + 37,604 out tokens | $2.4699
  9600/16094  (50.5/s)  [Cost] 19221 calls | 16,664,949 in + 38,408 out tokens | $2.5228
  9800/16094  (50.5/s)  [Cost] 19628 calls | 17,019,418 in + 39,221 out tokens | $2.5764
  10000/16094  (50.5/s)  [Cost] 20035 calls | 17,375,751 in + 40,034 out tokens | $2.6304
  10200/16094  (50.6/s)  [Cost] 20429 calls | 17,723,804 in + 40,822 out tokens | $2.6831
  10400/16094  (50.6/s)  [Cost] 20825 calls | 18,070,543 in + 41,614 out tokens | $2.7355
  10600/16094  (50.7/s)  [Cost] 21222 calls | 18,415,238 in + 42,406 out tokens | $2.7877
  10800/16094  (50.6/s)  [Cost] 21624 calls | 18,763,472 in + 43,208 out tokens | $2.8404
  11000/16094  (50.7/s)  [Cost] 22025 calls | 19,110,921 in + 44,007 out tokens | $2.8930
  11200/16094  (50.7/s)  [Cost] 22426 calls | 19,456,163 in + 44,809 out tokens | $2.9453
  11400/16094  (50.7/s)  [Cost] 22823 calls | 19,799,779 in + 45,601 out tokens | $2.9973
  11600/16094  (50.7/s)  [Cost] 23225 calls | 20,151,713 in + 46,405 out tokens | $3.0506
  11800/16094  (50.7/s)  [Cost] 23621 calls | 20,495,594 in + 47,197 out tokens | $3.1027
  12000/16094  (50.7/s)  [Cost] 24023 calls | 20,847,709 in + 47,999 out tokens | $3.1560
  12200/16094  (50.8/s)  [Cost] 24425 calls | 21,197,285 in + 48,803 out tokens | $3.2089
  12400/16094  (50.8/s)  [Cost] 24826 calls | 21,541,600 in + 49,604 out tokens | $3.2610
  12600/16094  (50.9/s)  [Cost] 25219 calls | 21,883,603 in + 50,390 out tokens | $3.3128
  12800/16094  (50.9/s)  [Cost] 25623 calls | 22,235,996 in + 51,196 out tokens | $3.3661
  13000/16094  (50.9/s)  [Cost] 26023 calls | 22,582,485 in + 51,996 out tokens | $3.4186
  13200/16094  (50.9/s)  [Cost] 26421 calls | 22,927,007 in + 52,792 out tokens | $3.4707
  13400/16094  (50.9/s)  [Cost] 26827 calls | 23,275,942 in + 53,604 out tokens | $3.5236
  13600/16094  (50.9/s)  [Cost] 27226 calls | 23,624,858 in + 54,402 out tokens | $3.5764
  13800/16094  (50.9/s)  [Cost] 27630 calls | 23,972,942 in + 55,210 out tokens | $3.6291
  14000/16094  (51.0/s)  [Cost] 28025 calls | 24,315,593 in + 56,000 out tokens | $3.6809
  14200/16094  (51.0/s)  [Cost] 28422 calls | 24,658,532 in + 56,794 out tokens | $3.7329
  14400/16094  (51.0/s)  [Cost] 28831 calls | 25,015,524 in + 57,611 out tokens | $3.7869
  14600/16094  (51.0/s)  [Cost] 29226 calls | 25,358,050 in + 58,400 out tokens | $3.8387
  14800/16094  (51.1/s)  [Cost] 29624 calls | 25,707,655 in + 59,196 out tokens | $3.8917
  15000/16094  (51.1/s)  [Cost] 30028 calls | 26,058,872 in + 60,004 out tokens | $3.9448
  15200/16094  (51.1/s)  [Cost] 30423 calls | 26,406,532 in + 60,794 out tokens | $3.9975
  15400/16094  (51.2/s)  [Cost] 30819 calls | 26,753,852 in + 61,585 out tokens | $4.0500
  15600/16094  (51.2/s)  [Cost] 31223 calls | 27,103,772 in + 62,392 out tokens | $4.1030
  15800/16094  (51.2/s)  [Cost] 31624 calls | 27,453,858 in + 63,194 out tokens | $4.1560
  16000/16094  (51.2/s)  [Cost] 32026 calls | 27,803,400 in + 63,998 out tokens | $4.2089
  16094/16094  (51.2/s)  [Cost] 32188 calls | 27,946,692 in + 64,322 out tokens | $4.2306
[saved] data/generated/final_v3/judged/finance_summarization_strong.jsonl  [Cost] 32188 calls | 27,946,692 in + 64,322 out tokens | $4.2306
[v3-judge] DONE  Tue Apr 28 10:13:13 PM EDT 2026
