[judge] data/generated/final_v3/raw/sports_tutor_strong.jsonl  rows=7172  domain=sports/tutor
  200/7172  (23.1/s)  [Cost] 437 calls | 360,998 in + 844 out tokens | $0.0547
  400/7172  (32.0/s)  [Cost] 828 calls | 687,242 in + 1,610 out tokens | $0.1041
  600/7172  (36.6/s)  [Cost] 1228 calls | 1,032,333 in + 2,394 out tokens | $0.1563
  800/7172  (39.3/s)  [Cost] 1624 calls | 1,358,437 in + 3,159 out tokens | $0.2057
  1000/7172  (41.1/s)  [Cost] 2031 calls | 1,697,917 in + 3,943 out tokens | $0.2571
  1200/7172  (42.8/s)  [Cost] 2419 calls | 2,028,189 in + 4,703 out tokens | $0.3071
  1400/7172  (43.8/s)  [Cost] 2827 calls | 2,369,426 in + 5,497 out tokens | $0.3587
  1600/7172  (44.7/s)  [Cost] 3217 calls | 2,695,798 in + 6,256 out tokens | $0.4081
  1800/7172  (45.3/s)  [Cost] 3626 calls | 3,050,588 in + 7,055 out tokens | $0.4618
  2000/7172  (46.0/s)  [Cost] 4016 calls | 3,380,021 in + 7,812 out tokens | $0.5117
  2200/7172  (46.2/s)  [Cost] 4416 calls | 3,708,706 in + 8,587 out tokens | $0.5615
  2400/7172  (46.5/s)  [Cost] 4826 calls | 4,052,902 in + 9,374 out tokens | $0.6136
  2600/7172  (46.9/s)  [Cost] 5223 calls | 4,390,082 in + 10,147 out tokens | $0.6646
  2800/7172  (47.1/s)  [Cost] 5625 calls | 4,729,223 in + 10,930 out tokens | $0.7159
  3000/7172  (47.4/s)  [Cost] 6017 calls | 5,064,271 in + 11,693 out tokens | $0.7667
  3200/7172  (47.6/s)  [Cost] 6427 calls | 5,413,140 in + 12,491 out tokens | $0.8195
  3400/7172  (47.8/s)  [Cost] 6828 calls | 5,749,687 in + 13,262 out tokens | $0.8704
  3600/7172  (48.0/s)  [Cost] 7221 calls | 6,080,593 in + 14,030 out tokens | $0.9205
  3800/7172  (48.1/s)  [Cost] 7621 calls | 6,420,960 in + 14,800 out tokens | $0.9720
  4000/7172  (48.3/s)  [Cost] 8018 calls | 6,753,215 in + 15,569 out tokens | $1.0223
  4200/7172  (48.4/s)  [Cost] 8429 calls | 7,101,557 in + 16,370 out tokens | $1.0751
  4400/7172  (48.7/s)  [Cost] 8824 calls | 7,438,622 in + 17,135 out tokens | $1.1261
  4600/7172  (48.8/s)  [Cost] 9223 calls | 7,776,314 in + 17,909 out tokens | $1.1772
  4800/7172  (49.0/s)  [Cost] 9620 calls | 8,110,206 in + 18,683 out tokens | $1.2277
  5000/7172  (49.1/s)  [Cost] 10026 calls | 8,451,678 in + 19,476 out tokens | $1.2794
  5200/7172  (49.0/s)  [Cost] 10433 calls | 8,796,597 in + 20,259 out tokens | $1.3316
  5400/7172  (49.1/s)  [Cost] 10828 calls | 9,131,517 in + 21,027 out tokens | $1.3823
  5600/7172  (49.2/s)  [Cost] 11227 calls | 9,464,151 in + 21,808 out tokens | $1.4327
  5800/7172  (49.3/s)  [Cost] 11625 calls | 9,799,954 in + 22,575 out tokens | $1.4835
  6000/7172  (49.3/s)  [Cost] 12020 calls | 10,127,800 in + 23,334 out tokens | $1.5332
  6200/7172  (49.3/s)  [Cost] 12425 calls | 10,467,422 in + 24,128 out tokens | $1.5846
  6400/7172  (49.3/s)  [Cost] 12825 calls | 10,808,133 in + 24,902 out tokens | $1.6362
  6600/7172  (49.3/s)  [Cost] 13226 calls | 11,147,148 in + 25,688 out tokens | $1.6875
  6800/7172  (49.3/s)  [Cost] 13623 calls | 11,482,879 in + 26,453 out tokens | $1.7383
  7000/7172  (49.3/s)  [Cost] 14021 calls | 11,819,736 in + 27,235 out tokens | $1.7893
  7172/7172  (49.2/s)  [Cost] 14344 calls | 12,099,118 in + 27,867 out tokens | $1.8316
[saved] data/generated/final_v3/judged/sports_tutor_strong.jsonl  [Cost] 14344 calls | 12,099,118 in + 27,867 out tokens | $1.8316
