[judge] data/generated/final_v3/raw/medical_summarization_strong.jsonl  rows=16084  domain=medical/summarization
  200/16084  (19.9/s)  [Cost] 439 calls | 360,675 in + 878 out tokens | $0.0546
  400/16084  (29.0/s)  [Cost] 827 calls | 691,012 in + 1,654 out tokens | $0.1046
  600/16084  (34.5/s)  [Cost] 1222 calls | 1,028,261 in + 2,443 out tokens | $0.1557
  800/16084  (37.9/s)  [Cost] 1617 calls | 1,355,974 in + 3,233 out tokens | $0.2053
  1000/16084  (40.3/s)  [Cost] 2017 calls | 1,690,779 in + 4,033 out tokens | $0.2560
  1200/16084  (42.0/s)  [Cost] 2423 calls | 2,033,452 in + 4,845 out tokens | $0.3079
  1400/16084  (43.2/s)  [Cost] 2828 calls | 2,373,041 in + 5,655 out tokens | $0.3593
  1600/16084  (44.3/s)  [Cost] 3218 calls | 2,699,389 in + 6,435 out tokens | $0.4088
  1800/16084  (45.2/s)  [Cost] 3615 calls | 3,036,486 in + 7,228 out tokens | $0.4598
  2000/16084  (45.8/s)  [Cost] 4020 calls | 3,371,560 in + 8,038 out tokens | $0.5106
  2200/16084  (46.4/s)  [Cost] 4426 calls | 3,708,444 in + 8,850 out tokens | $0.5616
  2400/16084  (46.9/s)  [Cost] 4824 calls | 4,038,900 in + 9,645 out tokens | $0.6116
  2600/16084  (47.4/s)  [Cost] 5219 calls | 4,367,374 in + 10,435 out tokens | $0.6614
  2800/16084  (47.7/s)  [Cost] 5626 calls | 4,702,161 in + 11,249 out tokens | $0.7121
  3000/16084  (47.9/s)  [Cost] 6026 calls | 5,042,101 in + 12,048 out tokens | $0.7635
  3200/16084  (48.2/s)  [Cost] 6421 calls | 5,375,254 in + 12,838 out tokens | $0.8140
  3400/16084  (48.4/s)  [Cost] 6819 calls | 5,705,287 in + 13,634 out tokens | $0.8640
  3600/16084  (48.7/s)  [Cost] 7223 calls | 6,042,364 in + 14,441 out tokens | $0.9150
  3800/16084  (48.9/s)  [Cost] 7619 calls | 6,375,496 in + 15,233 out tokens | $0.9655
  4000/16084  (49.1/s)  [Cost] 8019 calls | 6,709,462 in + 16,033 out tokens | $1.0160
  4200/16084  (49.3/s)  [Cost] 8424 calls | 7,047,521 in + 16,842 out tokens | $1.0672
  4400/16084  (49.4/s)  [Cost] 8823 calls | 7,381,102 in + 17,640 out tokens | $1.1177
  4600/16084  (49.5/s)  [Cost] 9217 calls | 7,709,019 in + 18,428 out tokens | $1.1674
  4800/16084  (49.7/s)  [Cost] 9618 calls | 8,043,455 in + 19,230 out tokens | $1.2181
  5000/16084  (49.7/s)  [Cost] 10023 calls | 8,384,033 in + 20,040 out tokens | $1.2696
  5200/16084  (49.8/s)  [Cost] 10425 calls | 8,724,485 in + 20,844 out tokens | $1.3212
  5400/16084  (49.9/s)  [Cost] 10822 calls | 9,056,719 in + 21,637 out tokens | $1.3715
  5600/16084  (50.0/s)  [Cost] 11225 calls | 9,398,022 in + 22,443 out tokens | $1.4232
  5800/16084  (50.1/s)  [Cost] 11625 calls | 9,732,732 in + 23,243 out tokens | $1.4739
  6000/16084  (50.2/s)  [Cost] 12022 calls | 10,064,409 in + 24,037 out tokens | $1.5241
  6200/16084  (49.8/s)  [Cost] 12420 calls | 10,392,718 in + 24,833 out tokens | $1.5738
  6400/16084  (49.9/s)  [Cost] 12822 calls | 10,731,191 in + 25,637 out tokens | $1.6251
  6600/16084  (49.9/s)  [Cost] 13227 calls | 11,069,160 in + 26,447 out tokens | $1.6762
  6800/16084  (50.0/s)  [Cost] 13623 calls | 11,398,927 in + 27,239 out tokens | $1.7262
  7000/16084  (50.0/s)  [Cost] 14021 calls | 11,733,507 in + 28,035 out tokens | $1.7768
  7200/16084  (50.1/s)  [Cost] 14417 calls | 12,063,549 in + 28,827 out tokens | $1.8268
  7400/16084  (50.2/s)  [Cost] 14821 calls | 12,401,230 in + 29,635 out tokens | $1.8780
  7600/16084  (50.2/s)  [Cost] 15228 calls | 12,740,335 in + 30,448 out tokens | $1.9293
  7800/16084  (50.3/s)  [Cost] 15621 calls | 13,066,322 in + 31,234 out tokens | $1.9787
  8000/16084  (50.3/s)  [Cost] 16023 calls | 13,404,353 in + 32,038 out tokens | $2.0299
  8200/16084  (50.3/s)  [Cost] 16423 calls | 13,735,652 in + 32,838 out tokens | $2.0801
  8400/16084  (50.4/s)  [Cost] 16824 calls | 14,069,241 in + 33,640 out tokens | $2.1306
  8600/16084  (50.4/s)  [Cost] 17225 calls | 14,405,112 in + 34,442 out tokens | $2.1814
  8800/16084  (50.5/s)  [Cost] 17623 calls | 14,737,818 in + 35,238 out tokens | $2.2318
  9000/16084  (50.5/s)  [Cost] 18024 calls | 15,075,036 in + 36,039 out tokens | $2.2829
  9200/16084  (50.5/s)  [Cost] 18420 calls | 15,406,796 in + 36,831 out tokens | $2.3331
  9400/16084  (50.5/s)  [Cost] 18827 calls | 15,742,523 in + 37,645 out tokens | $2.3840
  9600/16084  (50.5/s)  [Cost] 19225 calls | 16,077,429 in + 38,441 out tokens | $2.4347
  9800/16084  (50.5/s)  [Cost] 19623 calls | 16,416,649 in + 39,237 out tokens | $2.4860
  10000/16084  (50.6/s)  [Cost] 20025 calls | 16,754,277 in + 40,040 out tokens | $2.5372
  10200/16084  (50.6/s)  [Cost] 20423 calls | 17,089,948 in + 40,836 out tokens | $2.5880
  10400/16084  (50.6/s)  [Cost] 20826 calls | 17,428,516 in + 41,642 out tokens | $2.6393
  10600/16084  (50.6/s)  [Cost] 21225 calls | 17,758,787 in + 42,439 out tokens | $2.6893
  10800/16084  (50.7/s)  [Cost] 21619 calls | 18,088,115 in + 43,227 out tokens | $2.7392
  11000/16084  (50.7/s)  [Cost] 22015 calls | 18,426,188 in + 44,019 out tokens | $2.7903
  11200/16084  (50.7/s)  [Cost] 22428 calls | 18,776,818 in + 44,845 out tokens | $2.8434
  11400/16084  (50.7/s)  [Cost] 22827 calls | 19,109,299 in + 45,643 out tokens | $2.8938
  11600/16084  (50.8/s)  [Cost] 23224 calls | 19,443,209 in + 46,437 out tokens | $2.9443
  11800/16084  (50.8/s)  [Cost] 23625 calls | 19,775,499 in + 47,238 out tokens | $2.9947
  12000/16084  (50.8/s)  [Cost] 24023 calls | 20,110,091 in + 48,034 out tokens | $3.0453
  12200/16084  (50.8/s)  [Cost] 24422 calls | 20,446,366 in + 48,832 out tokens | $3.0963
  12400/16084  (50.8/s)  [Cost] 24830 calls | 20,782,764 in + 49,648 out tokens | $3.1472
  12600/16084  (50.9/s)  [Cost] 25229 calls | 21,117,644 in + 50,446 out tokens | $3.1979
  12800/16084  (50.9/s)  [Cost] 25626 calls | 21,452,153 in + 51,240 out tokens | $3.2486
  13000/16084  (51.0/s)  [Cost] 26022 calls | 21,782,417 in + 52,030 out tokens | $3.2986
  13200/16084  (51.0/s)  [Cost] 26422 calls | 22,119,429 in + 52,830 out tokens | $3.3496
  13400/16084  (51.0/s)  [Cost] 26825 calls | 22,459,478 in + 53,636 out tokens | $3.4011
  13600/16084  (51.0/s)  [Cost] 27221 calls | 22,791,958 in + 54,428 out tokens | $3.4515
  13800/16084  (51.1/s)  [Cost] 27620 calls | 23,124,435 in + 55,225 out tokens | $3.5018
  14000/16084  (51.1/s)  [Cost] 28021 calls | 23,461,901 in + 56,026 out tokens | $3.5529
  14200/16084  (51.1/s)  [Cost] 28424 calls | 23,798,493 in + 56,832 out tokens | $3.6039
  14400/16084  (51.1/s)  [Cost] 28823 calls | 24,133,849 in + 57,629 out tokens | $3.6547
  14600/16084  (51.1/s)  [Cost] 29223 calls | 24,470,684 in + 58,429 out tokens | $3.7057
  14800/16084  (51.1/s)  [Cost] 29625 calls | 24,806,971 in + 59,233 out tokens | $3.7566
  15000/16084  (51.1/s)  [Cost] 30028 calls | 25,141,910 in + 60,039 out tokens | $3.8073
  15200/16084  (51.2/s)  [Cost] 30425 calls | 25,477,264 in + 60,833 out tokens | $3.8581
  15400/16084  (51.2/s)  [Cost] 30821 calls | 25,810,317 in + 61,625 out tokens | $3.9085
  15600/16084  (51.2/s)  [Cost] 31225 calls | 26,148,438 in + 62,433 out tokens | $3.9597
  15800/16084  (51.2/s)  [Cost] 31625 calls | 26,486,601 in + 63,232 out tokens | $4.0109
  16000/16084  (51.2/s)  [Cost] 32022 calls | 26,824,985 in + 64,026 out tokens | $4.0622
  16084/16084  (51.2/s)  [Cost] 32168 calls | 26,950,820 in + 64,318 out tokens | $4.0812
[saved] data/generated/final_v3/judged/medical_summarization_strong.jsonl  [Cost] 32168 calls | 26,950,820 in + 64,318 out tokens | $4.0812
