[judge] data/generated/final_v3/raw/sports_summarization_strong.jsonl  rows=17588  domain=sports/summarization
  200/17588  (20.3/s)  [Cost] 415 calls | 335,198 in + 830 out tokens | $0.0508
  400/17588  (29.2/s)  [Cost] 826 calls | 675,948 in + 1,652 out tokens | $0.1024
  600/17588  (34.4/s)  [Cost] 1226 calls | 1,013,352 in + 2,452 out tokens | $0.1535
  800/17588  (37.7/s)  [Cost] 1625 calls | 1,341,793 in + 3,250 out tokens | $0.2032
  1000/17588  (40.2/s)  [Cost] 2020 calls | 1,670,296 in + 4,040 out tokens | $0.2530
  1200/17588  (41.8/s)  [Cost] 2422 calls | 2,006,760 in + 4,844 out tokens | $0.3039
  1400/17588  (43.1/s)  [Cost] 2824 calls | 2,335,188 in + 5,648 out tokens | $0.3537
  1600/17588  (44.1/s)  [Cost] 3225 calls | 2,664,504 in + 6,450 out tokens | $0.4035
  1800/17588  (45.0/s)  [Cost] 3622 calls | 2,995,284 in + 7,242 out tokens | $0.4536
  2000/17588  (45.7/s)  [Cost] 4022 calls | 3,327,658 in + 8,042 out tokens | $0.5040
  2200/17588  (46.0/s)  [Cost] 4417 calls | 3,652,664 in + 8,831 out tokens | $0.5532
  2400/17588  (46.5/s)  [Cost] 4820 calls | 3,984,906 in + 9,637 out tokens | $0.6035
  2600/17588  (46.9/s)  [Cost] 5224 calls | 4,320,033 in + 10,445 out tokens | $0.6543
  2800/17588  (47.3/s)  [Cost] 5625 calls | 4,650,833 in + 11,247 out tokens | $0.7044
  3000/17588  (47.7/s)  [Cost] 6017 calls | 4,974,362 in + 12,031 out tokens | $0.7534
  3200/17588  (47.9/s)  [Cost] 6423 calls | 5,316,254 in + 12,843 out tokens | $0.8051
  3400/17588  (48.2/s)  [Cost] 6827 calls | 5,648,596 in + 13,651 out tokens | $0.8555
  3600/17588  (48.4/s)  [Cost] 7231 calls | 5,983,151 in + 14,459 out tokens | $0.9061
  3800/17588  (48.7/s)  [Cost] 7628 calls | 6,310,414 in + 15,253 out tokens | $0.9557
  4000/17588  (48.9/s)  [Cost] 8020 calls | 6,635,412 in + 16,036 out tokens | $1.0049
  4200/17588  (49.0/s)  [Cost] 8430 calls | 6,977,810 in + 16,856 out tokens | $1.0568
  4400/17588  (49.3/s)  [Cost] 8824 calls | 7,307,183 in + 17,644 out tokens | $1.1067
  4600/17588  (49.4/s)  [Cost] 9223 calls | 7,640,507 in + 18,442 out tokens | $1.1571
  4800/17588  (49.6/s)  [Cost] 9618 calls | 7,964,660 in + 19,232 out tokens | $1.2062
  5000/17588  (49.6/s)  [Cost] 10033 calls | 8,307,473 in + 20,061 out tokens | $1.2582
  5200/17588  (49.8/s)  [Cost] 10422 calls | 8,629,330 in + 20,839 out tokens | $1.3069
  5400/17588  (49.9/s)  [Cost] 10823 calls | 8,958,988 in + 21,640 out tokens | $1.3568
  5600/17588  (50.0/s)  [Cost] 11220 calls | 9,291,147 in + 22,433 out tokens | $1.4071
  5800/17588  (50.1/s)  [Cost] 11626 calls | 9,628,424 in + 23,245 out tokens | $1.4582
  6000/17588  (50.2/s)  [Cost] 12023 calls | 9,955,657 in + 24,039 out tokens | $1.5078
  6200/17588  (50.3/s)  [Cost] 12421 calls | 10,284,958 in + 24,835 out tokens | $1.5576
  6400/17588  (50.3/s)  [Cost] 12827 calls | 10,619,125 in + 25,647 out tokens | $1.6083
  6600/17588  (50.4/s)  [Cost] 13232 calls | 10,955,092 in + 26,457 out tokens | $1.6591
  6800/17588  (50.5/s)  [Cost] 13627 calls | 11,279,175 in + 27,247 out tokens | $1.7082
  7000/17588  (50.6/s)  [Cost] 14022 calls | 11,607,751 in + 28,037 out tokens | $1.7580
  7200/17588  (50.6/s)  [Cost] 14420 calls | 11,936,367 in + 28,833 out tokens | $1.8078
  7400/17588  (50.7/s)  [Cost] 14820 calls | 12,266,592 in + 29,633 out tokens | $1.8578
  7600/17588  (50.8/s)  [Cost] 15221 calls | 12,597,789 in + 30,435 out tokens | $1.9079
  7800/17588  (50.9/s)  [Cost] 15625 calls | 12,932,038 in + 31,243 out tokens | $1.9586
  8000/17588  (50.9/s)  [Cost] 16027 calls | 13,265,197 in + 32,047 out tokens | $2.0090
  8200/17588  (51.0/s)  [Cost] 16423 calls | 13,592,529 in + 32,839 out tokens | $2.0586
  8400/17588  (51.0/s)  [Cost] 16819 calls | 13,922,907 in + 33,631 out tokens | $2.1086
  8600/17588  (51.0/s)  [Cost] 17224 calls | 14,262,192 in + 34,440 out tokens | $2.1600
  8800/17588  (50.9/s)  [Cost] 17625 calls | 14,599,078 in + 35,242 out tokens | $2.2110
  9000/17588  (50.9/s)  [Cost] 18024 calls | 14,928,949 in + 36,039 out tokens | $2.2610
  9200/17588  (50.9/s)  [Cost] 18425 calls | 15,261,541 in + 36,841 out tokens | $2.3113
  9400/17588  (50.8/s)  [Cost] 18820 calls | 15,589,865 in + 37,631 out tokens | $2.3611
  9600/17588  (50.8/s)  [Cost] 19226 calls | 15,926,720 in + 38,443 out tokens | $2.4121
  9800/17588  (50.8/s)  [Cost] 19624 calls | 16,256,463 in + 39,239 out tokens | $2.4620
  10000/17588  (50.8/s)  [Cost] 20021 calls | 16,587,292 in + 40,033 out tokens | $2.5121
  10200/17588  (50.8/s)  [Cost] 20428 calls | 16,923,503 in + 40,847 out tokens | $2.5630
  10400/17588  (50.8/s)  [Cost] 20824 calls | 17,251,714 in + 41,639 out tokens | $2.6127
  10600/17588  (50.8/s)  [Cost] 21221 calls | 17,580,820 in + 42,433 out tokens | $2.6626
  10800/17588  (50.9/s)  [Cost] 21617 calls | 17,908,128 in + 43,225 out tokens | $2.7122
  11000/17588  (50.9/s)  [Cost] 22020 calls | 18,243,803 in + 44,031 out tokens | $2.7630
  11200/17588  (50.9/s)  [Cost] 22421 calls | 18,574,083 in + 44,833 out tokens | $2.8130
  11400/17588  (50.9/s)  [Cost] 22823 calls | 18,905,362 in + 45,637 out tokens | $2.8632
  11600/17588  (50.8/s)  [Cost] 23216 calls | 19,231,633 in + 46,423 out tokens | $2.9126
  11800/17588  (50.8/s)  [Cost] 23630 calls | 19,572,797 in + 47,249 out tokens | $2.9643
  12000/17588  (50.8/s)  [Cost] 24029 calls | 19,905,010 in + 48,047 out tokens | $3.0146
  12200/17588  (50.8/s)  [Cost] 24426 calls | 20,232,980 in + 48,840 out tokens | $3.0643
  12400/17588  (50.9/s)  [Cost] 24818 calls | 20,557,705 in + 49,624 out tokens | $3.1134
  12600/17588  (50.9/s)  [Cost] 25215 calls | 20,888,941 in + 50,418 out tokens | $3.1636
  12800/17588  (50.9/s)  [Cost] 25629 calls | 21,237,055 in + 51,246 out tokens | $3.2163
  13000/17588  (50.9/s)  [Cost] 26026 calls | 21,570,659 in + 52,040 out tokens | $3.2668
  13200/17588  (50.9/s)  [Cost] 26424 calls | 21,897,088 in + 52,836 out tokens | $3.3163
  13400/17588  (50.9/s)  [Cost] 26824 calls | 22,225,782 in + 53,636 out tokens | $3.3660
  13600/17588  (50.9/s)  [Cost] 27218 calls | 22,551,024 in + 54,424 out tokens | $3.4153
  13800/17588  (50.9/s)  [Cost] 27625 calls | 22,884,260 in + 55,238 out tokens | $3.4658
  14000/17588  (51.0/s)  [Cost] 28019 calls | 23,210,253 in + 56,026 out tokens | $3.5152
  14200/17588  (51.0/s)  [Cost] 28428 calls | 23,547,369 in + 56,844 out tokens | $3.5662
  14400/17588  (50.9/s)  [Cost] 28825 calls | 23,874,436 in + 57,638 out tokens | $3.6157
  14600/17588  (50.9/s)  [Cost] 29222 calls | 24,203,322 in + 58,432 out tokens | $3.6656
  14800/17588  (50.9/s)  [Cost] 29625 calls | 24,535,506 in + 59,238 out tokens | $3.7159
  15000/17588  (50.9/s)  [Cost] 30030 calls | 24,871,564 in + 60,048 out tokens | $3.7668
  15200/17588  (50.9/s)  [Cost] 30424 calls | 25,199,551 in + 60,835 out tokens | $3.8164
  15400/17588  (50.9/s)  [Cost] 30826 calls | 25,535,785 in + 61,639 out tokens | $3.8674
  15600/17588  (51.0/s)  [Cost] 31225 calls | 25,865,943 in + 62,437 out tokens | $3.9174
  15800/17588  (51.0/s)  [Cost] 31624 calls | 26,196,428 in + 63,235 out tokens | $3.9674
  16000/17588  (50.9/s)  [Cost] 32027 calls | 26,531,060 in + 64,041 out tokens | $4.0181
  16200/17588  (51.0/s)  [Cost] 32425 calls | 26,862,783 in + 64,836 out tokens | $4.0683
  16400/17588  (51.0/s)  [Cost] 32822 calls | 27,191,260 in + 65,630 out tokens | $4.1181
  16600/17588  (51.0/s)  [Cost] 33224 calls | 27,523,704 in + 66,434 out tokens | $4.1684
  16800/17588  (51.0/s)  [Cost] 33628 calls | 27,854,894 in + 67,242 out tokens | $4.2186
  17000/17588  (51.0/s)  [Cost] 34024 calls | 28,181,683 in + 68,034 out tokens | $4.2681
  17200/17588  (51.1/s)  [Cost] 34419 calls | 28,507,365 in + 68,823 out tokens | $4.3174
  17400/17588  (51.0/s)  [Cost] 34823 calls | 28,838,990 in + 69,631 out tokens | $4.3676
  17588/17588  (51.0/s)  [Cost] 35176 calls | 29,133,706 in + 70,337 out tokens | $4.4123
[saved] data/generated/final_v3/judged/sports_summarization_strong.jsonl  [Cost] 35176 calls | 29,133,706 in + 70,337 out tokens | $4.4123
